[2.016s] DEBUG:colcon:Command line arguments: ['/usr/bin/colcon', 'list', '-n']
[2.016s] DEBUG:colcon:Parsed command line arguments: Namespace(allow_overriding=[], base_paths=['.'], build_base='build', ignore_user_meta=False, log_base=None, log_level=None, main=<bound method ListVerb.main of <colcon_package_information.verb.list.ListVerb object at 0x7f040b62ee48>>, metas=['./colcon.meta'], names_only=True, packages_above=None, packages_above_and_dependencies=None, packages_above_depth=None, packages_end=None, packages_ignore=None, packages_ignore_regex=None, packages_select=None, packages_select_build_failed=False, packages_select_by_dep=None, packages_select_regex=None, packages_select_test_failures=False, packages_skip=None, packages_skip_build_finished=False, packages_skip_by_dep=None, packages_skip_regex=None, packages_skip_test_passed=False, packages_skip_up_to=None, packages_start=None, packages_up_to=None, packages_up_to_regex=None, paths=None, paths_only=False, topological_graph=False, topological_graph_density=False, topological_graph_dot=False, topological_graph_dot_cluster=False, topological_graph_dot_include_skipped=False, topological_graph_legend=False, topological_order=False, verb_extension=<colcon_package_information.verb.list.ListVerb object at 0x7f040b62ee48>, verb_name='list', verb_parser=<colcon_defaults.argument_parser.defaults.DefaultArgumentsDecorator object at 0x7f040b638cf8>)
[3.114s] Level 1:colcon.colcon_core.package_discovery:discover_packages(colcon_meta) check parameters
[3.114s] Level 1:colcon.colcon_core.package_discovery:discover_packages(recursive) check parameters
[3.114s] Level 1:colcon.colcon_core.package_discovery:discover_packages(ignore) check parameters
[3.114s] Level 1:colcon.colcon_core.package_discovery:discover_packages(path) check parameters
[3.114s] Level 1:colcon.colcon_core.package_discovery:discover_packages(colcon_meta) discover
[3.114s] Level 1:colcon.colcon_core.package_discovery:discover_packages(recursive) discover
[3.114s] INFO:colcon.colcon_core.package_discovery:Crawling recursively for packages in '/home/passoni/driveless_test0/src'
[3.114s] Level 1:colcon.colcon_core.package_identification:_identify(.) by extensions ['ignore', 'ignore_ament_install']
[3.213s] Level 1:colcon.colcon_core.package_identification:_identify(.) by extension 'ignore'
[3.213s] Level 1:colcon.colcon_core.package_identification:_identify(.) by extension 'ignore_ament_install'
[3.213s] Level 1:colcon.colcon_core.package_identification:_identify(.) by extensions ['colcon_pkg']
[3.213s] Level 1:colcon.colcon_core.package_identification:_identify(.) by extension 'colcon_pkg'
[3.213s] Level 1:colcon.colcon_core.package_identification:_identify(.) by extensions ['colcon_meta']
[3.213s] Level 1:colcon.colcon_core.package_identification:_identify(.) by extension 'colcon_meta'
[3.213s] Level 1:colcon.colcon_core.package_identification:_identify(.) by extensions ['ros']
[3.213s] Level 1:colcon.colcon_core.package_identification:_identify(.) by extension 'ros'
[3.326s] Level 1:colcon.colcon_core.package_identification:_identify(.) by extensions ['cmake', 'python']
[3.326s] Level 1:colcon.colcon_core.package_identification:_identify(.) by extension 'cmake'
[3.331s] WARNING:colcon.colcon_cmake.package_identification.cmake:Ignoring 'CMakeLists.txt' since it seems to be a toplevel CMake file generated by 'catkin_make'
[3.331s] Level 1:colcon.colcon_core.package_identification:_identify(.) by extension 'python'
[3.331s] Level 1:colcon.colcon_core.package_identification:_identify(.) by extensions ['python_setup_py']
[3.331s] Level 1:colcon.colcon_core.package_identification:_identify(.) by extension 'python_setup_py'
[3.331s] Level 1:colcon.colcon_core.package_identification:_identify(car_description) by extensions ['ignore', 'ignore_ament_install']
[3.331s] Level 1:colcon.colcon_core.package_identification:_identify(car_description) by extension 'ignore'
[3.331s] Level 1:colcon.colcon_core.package_identification:_identify(car_description) by extension 'ignore_ament_install'
[3.331s] Level 1:colcon.colcon_core.package_identification:_identify(car_description) by extensions ['colcon_pkg']
[3.332s] Level 1:colcon.colcon_core.package_identification:_identify(car_description) by extension 'colcon_pkg'
[3.332s] Level 1:colcon.colcon_core.package_identification:_identify(car_description) by extensions ['colcon_meta']
[3.332s] Level 1:colcon.colcon_core.package_identification:_identify(car_description) by extension 'colcon_meta'
[3.332s] Level 1:colcon.colcon_core.package_identification:_identify(car_description) by extensions ['ros']
[3.332s] Level 1:colcon.colcon_core.package_identification:_identify(car_description) by extension 'ros'
[3.336s] DEBUG:colcon.colcon_core.package_identification:Package 'car_description' with type 'ros.catkin' and name 'car_description'
[3.336s] Level 1:colcon.colcon_core.package_identification:_identify(car_navigation) by extensions ['ignore', 'ignore_ament_install']
[3.337s] Level 1:colcon.colcon_core.package_identification:_identify(car_navigation) by extension 'ignore'
[3.337s] Level 1:colcon.colcon_core.package_identification:_identify(car_navigation) by extension 'ignore_ament_install'
[3.337s] Level 1:colcon.colcon_core.package_identification:_identify(car_navigation) by extensions ['colcon_pkg']
[3.337s] Level 1:colcon.colcon_core.package_identification:_identify(car_navigation) by extension 'colcon_pkg'
[3.337s] Level 1:colcon.colcon_core.package_identification:_identify(car_navigation) by extensions ['colcon_meta']
[3.337s] Level 1:colcon.colcon_core.package_identification:_identify(car_navigation) by extension 'colcon_meta'
[3.337s] Level 1:colcon.colcon_core.package_identification:_identify(car_navigation) by extensions ['ros']
[3.337s] Level 1:colcon.colcon_core.package_identification:_identify(car_navigation) by extension 'ros'
[3.338s] DEBUG:colcon.colcon_core.package_identification:Package 'car_navigation' with type 'ros.catkin' and name 'car_navigation'
[3.338s] Level 1:colcon.colcon_core.package_identification:_identify(imu_package) by extensions ['ignore', 'ignore_ament_install']
[3.338s] Level 1:colcon.colcon_core.package_identification:_identify(imu_package) by extension 'ignore'
[3.338s] Level 1:colcon.colcon_core.package_identification:_identify(imu_package) by extension 'ignore_ament_install'
[3.338s] Level 1:colcon.colcon_core.package_identification:_identify(imu_package) by extensions ['colcon_pkg']
[3.338s] Level 1:colcon.colcon_core.package_identification:_identify(imu_package) by extension 'colcon_pkg'
[3.338s] Level 1:colcon.colcon_core.package_identification:_identify(imu_package) by extensions ['colcon_meta']
[3.339s] Level 1:colcon.colcon_core.package_identification:_identify(imu_package) by extension 'colcon_meta'
[3.339s] Level 1:colcon.colcon_core.package_identification:_identify(imu_package) by extensions ['ros']
[3.339s] Level 1:colcon.colcon_core.package_identification:_identify(imu_package) by extension 'ros'
[3.339s] DEBUG:colcon.colcon_core.package_identification:Package 'imu_package' with type 'ros.catkin' and name 'imu_package'
[3.340s] Level 1:colcon.colcon_core.package_identification:_identify(keyborad) by extensions ['ignore', 'ignore_ament_install']
[3.340s] Level 1:colcon.colcon_core.package_identification:_identify(keyborad) by extension 'ignore'
[3.340s] Level 1:colcon.colcon_core.package_identification:_identify(keyborad) by extension 'ignore_ament_install'
[3.340s] Level 1:colcon.colcon_core.package_identification:_identify(keyborad) by extensions ['colcon_pkg']
[3.340s] Level 1:colcon.colcon_core.package_identification:_identify(keyborad) by extension 'colcon_pkg'
[3.340s] Level 1:colcon.colcon_core.package_identification:_identify(keyborad) by extensions ['colcon_meta']
[3.340s] Level 1:colcon.colcon_core.package_identification:_identify(keyborad) by extension 'colcon_meta'
[3.340s] Level 1:colcon.colcon_core.package_identification:_identify(keyborad) by extensions ['ros']
[3.340s] Level 1:colcon.colcon_core.package_identification:_identify(keyborad) by extension 'ros'
[3.346s] DEBUG:colcon.colcon_core.package_identification:Package 'keyborad' with type 'ros.catkin' and name 'keyborad'
[3.346s] Level 1:colcon.colcon_core.package_identification:_identify(log) by extensions ['ignore', 'ignore_ament_install']
[3.350s] Level 1:colcon.colcon_core.package_identification:_identify(log) by extension 'ignore'
[3.351s] Level 1:colcon.colcon_core.package_identification:_identify(log) ignored
[3.351s] Level 1:colcon.colcon_core.package_identification:_identify(lsn10) by extensions ['ignore', 'ignore_ament_install']
[3.351s] Level 1:colcon.colcon_core.package_identification:_identify(lsn10) by extension 'ignore'
[3.351s] Level 1:colcon.colcon_core.package_identification:_identify(lsn10) by extension 'ignore_ament_install'
[3.352s] Level 1:colcon.colcon_core.package_identification:_identify(lsn10) by extensions ['colcon_pkg']
[3.352s] Level 1:colcon.colcon_core.package_identification:_identify(lsn10) by extension 'colcon_pkg'
[3.352s] Level 1:colcon.colcon_core.package_identification:_identify(lsn10) by extensions ['colcon_meta']
[3.352s] Level 1:colcon.colcon_core.package_identification:_identify(lsn10) by extension 'colcon_meta'
[3.352s] Level 1:colcon.colcon_core.package_identification:_identify(lsn10) by extensions ['ros']
[3.352s] Level 1:colcon.colcon_core.package_identification:_identify(lsn10) by extension 'ros'
[3.353s] DEBUG:colcon.colcon_core.package_identification:Package 'lsn10' with type 'ros.catkin' and name 'lsn10'
[3.353s] Level 1:colcon.colcon_core.package_identification:_identify(robot_pose_ekf) by extensions ['ignore', 'ignore_ament_install']
[3.353s] Level 1:colcon.colcon_core.package_identification:_identify(robot_pose_ekf) by extension 'ignore'
[3.353s] Level 1:colcon.colcon_core.package_identification:_identify(robot_pose_ekf) by extension 'ignore_ament_install'
[3.353s] Level 1:colcon.colcon_core.package_identification:_identify(robot_pose_ekf) by extensions ['colcon_pkg']
[3.353s] Level 1:colcon.colcon_core.package_identification:_identify(robot_pose_ekf) by extension 'colcon_pkg'
[3.353s] Level 1:colcon.colcon_core.package_identification:_identify(robot_pose_ekf) by extensions ['colcon_meta']
[3.353s] Level 1:colcon.colcon_core.package_identification:_identify(robot_pose_ekf) by extension 'colcon_meta'
[3.353s] Level 1:colcon.colcon_core.package_identification:_identify(robot_pose_ekf) by extensions ['ros']
[3.353s] Level 1:colcon.colcon_core.package_identification:_identify(robot_pose_ekf) by extension 'ros'
[3.359s] DEBUG:colcon.colcon_core.package_identification:Package 'robot_pose_ekf' with type 'ros.catkin' and name 'robot_pose_ekf'
[3.360s] Level 1:colcon.colcon_core.package_identification:_identify(robot_vision) by extensions ['ignore', 'ignore_ament_install']
[3.360s] Level 1:colcon.colcon_core.package_identification:_identify(robot_vision) by extension 'ignore'
[3.360s] Level 1:colcon.colcon_core.package_identification:_identify(robot_vision) by extension 'ignore_ament_install'
[3.360s] Level 1:colcon.colcon_core.package_identification:_identify(robot_vision) by extensions ['colcon_pkg']
[3.360s] Level 1:colcon.colcon_core.package_identification:_identify(robot_vision) by extension 'colcon_pkg'
[3.360s] Level 1:colcon.colcon_core.package_identification:_identify(robot_vision) by extensions ['colcon_meta']
[3.360s] Level 1:colcon.colcon_core.package_identification:_identify(robot_vision) by extension 'colcon_meta'
[3.360s] Level 1:colcon.colcon_core.package_identification:_identify(robot_vision) by extensions ['ros']
[3.360s] Level 1:colcon.colcon_core.package_identification:_identify(robot_vision) by extension 'ros'
[3.361s] DEBUG:colcon.colcon_core.package_identification:Package 'robot_vision' with type 'ros.catkin' and name 'robot_vision'
[3.361s] Level 1:colcon.colcon_core.package_identification:_identify(uart_set) by extensions ['ignore', 'ignore_ament_install']
[3.361s] Level 1:colcon.colcon_core.package_identification:_identify(uart_set) by extension 'ignore'
[3.366s] Level 1:colcon.colcon_core.package_identification:_identify(uart_set) by extension 'ignore_ament_install'
[3.366s] Level 1:colcon.colcon_core.package_identification:_identify(uart_set) by extensions ['colcon_pkg']
[3.366s] Level 1:colcon.colcon_core.package_identification:_identify(uart_set) by extension 'colcon_pkg'
[3.366s] Level 1:colcon.colcon_core.package_identification:_identify(uart_set) by extensions ['colcon_meta']
[3.366s] Level 1:colcon.colcon_core.package_identification:_identify(uart_set) by extension 'colcon_meta'
[3.366s] Level 1:colcon.colcon_core.package_identification:_identify(uart_set) by extensions ['ros']
[3.366s] Level 1:colcon.colcon_core.package_identification:_identify(uart_set) by extension 'ros'
[3.367s] DEBUG:colcon.colcon_core.package_identification:Package 'uart_set' with type 'ros.catkin' and name 'uart_set'
[3.367s] Level 1:colcon.colcon_core.package_discovery:discover_packages(recursive) using defaults
[3.368s] Level 1:colcon.colcon_core.package_discovery:discover_packages(ignore) discover
[3.368s] Level 1:colcon.colcon_core.package_discovery:discover_packages(ignore) using defaults
[3.368s] Level 1:colcon.colcon_core.package_discovery:discover_packages(path) discover
[3.368s] Level 1:colcon.colcon_core.package_discovery:discover_packages(path) using defaults
